<?xml version="1.0" encoding="UTF-8"?>
<!-- Generated by org.testng.reporters.JUnitReportReporter -->
<testsuite skipped="0" hostname="RSI1557" name="br.com.rsi.hub_tdd.test.positivo.TestBuscaProdutoPelaLupaComSucesso" tests="1" failures="0" timestamp="2020-01-28T23:32:09 BRT" time="18.699" errors="0">
  <testcase name="testBuscaProdutoPelaLupaComSucesso" time="18.699" classname="br.com.rsi.hub_tdd.test.positivo.TestBuscaProdutoPelaLupaComSucesso"/>
</testsuite> <!-- br.com.rsi.hub_tdd.test.positivo.TestBuscaProdutoPelaLupaComSucesso -->
