<?xml version="1.0" encoding="UTF-8"?>
<!-- Generated by org.testng.reporters.JUnitReportReporter -->
<testsuite skipped="0" hostname="RSI1557" name="br.com.rsi.hub_tdd.test.negativo.TestBuscaNaTelaProdutoNaoEncontrado" tests="1" failures="0" timestamp="2020-01-28T23:34:37 BRT" time="18.963" errors="0">
  <testcase name="testBuscaNaTelaProdutoNaoEncontrado" time="18.963" classname="br.com.rsi.hub_tdd.test.negativo.TestBuscaNaTelaProdutoNaoEncontrado"/>
</testsuite> <!-- br.com.rsi.hub_tdd.test.negativo.TestBuscaNaTelaProdutoNaoEncontrado -->
