<?xml version="1.0" encoding="UTF-8"?>
<!-- Generated by org.testng.reporters.JUnitReportReporter -->
<testsuite skipped="0" hostname="RSI1557" name="br.com.rsi.hub_tdd.test.negativo.TestBuscaProdutoPelaLupaNaoEncontrado" tests="1" failures="0" timestamp="2020-01-28T23:35:02 BRT" time="15.424" errors="0">
  <testcase name="testBuscaProdutoPelaLupaNaoEncontrado" time="15.424" classname="br.com.rsi.hub_tdd.test.negativo.TestBuscaProdutoPelaLupaNaoEncontrado"/>
</testsuite> <!-- br.com.rsi.hub_tdd.test.negativo.TestBuscaProdutoPelaLupaNaoEncontrado -->
