<?xml version="1.0" encoding="UTF-8"?>
<!-- Generated by org.testng.reporters.JUnitReportReporter -->
<testsuite skipped="0" hostname="RSI1557" name="br.com.rsi.hub_tdd.steps.test.positivo.TestBuscarProdutoNaTelaPrincipal" tests="1" failures="0" timestamp="2020-01-21T13:22:22 BRT" time="18.584" errors="0">
  <testcase name="testBuscaProdutoPelaTelaPrincipal" time="18.584" classname="br.com.rsi.hub_tdd.steps.test.positivo.TestBuscarProdutoNaTelaPrincipal"/>
</testsuite> <!-- br.com.rsi.hub_tdd.steps.test.positivo.TestBuscarProdutoNaTelaPrincipal -->
