<?xml version="1.0" encoding="UTF-8"?>
<!-- Generated by org.testng.reporters.JUnitReportReporter -->
<testsuite skipped="0" hostname="RSI1557" name="br.com.rsi.hub_tdd.steps.test.negativo.TestBuscaProdutoPelaLupaNaoEncontrado" tests="1" failures="0" timestamp="2020-01-21T13:49:53 BRT" time="14.815" errors="0">
  <testcase name="testBuscaProdutoPelaLupaNaoEncontrado" time="14.815" classname="br.com.rsi.hub_tdd.steps.test.negativo.TestBuscaProdutoPelaLupaNaoEncontrado"/>
</testsuite> <!-- br.com.rsi.hub_tdd.steps.test.negativo.TestBuscaProdutoPelaLupaNaoEncontrado -->
