<?xml version="1.0" encoding="UTF-8"?>
<!-- Generated by org.testng.reporters.JUnitReportReporter -->
<testsuite skipped="0" hostname="RSI1557" name="br.com.rsi.hub_tdd.steps.test.positivo.TestCadastroUsuarioSucesso" tests="1" failures="0" timestamp="2020-01-20T17:33:11 BRT" time="7.390" errors="0">
  <testcase name="TestCadastroNovaConta" time="7.390" classname="br.com.rsi.hub_tdd.steps.test.positivo.TestCadastroUsuarioSucesso"/>
</testsuite> <!-- br.com.rsi.hub_tdd.steps.test.positivo.TestCadastroUsuarioSucesso -->
