<?xml version="1.0" encoding="UTF-8"?>
<!-- Generated by org.testng.reporters.JUnitReportReporter -->
<testsuite skipped="0" hostname="RSI1557" name="br.com.rsi.hub_tdd.test.positivo.TestBuscarProdutoNaTelaPrincipal" tests="1" failures="0" timestamp="2020-01-28T23:32:52 BRT" time="19.166" errors="0">
  <testcase name="testBuscaProdutoPelaTelaPrincipal" time="19.166" classname="br.com.rsi.hub_tdd.test.positivo.TestBuscarProdutoNaTelaPrincipal"/>
</testsuite> <!-- br.com.rsi.hub_tdd.test.positivo.TestBuscarProdutoNaTelaPrincipal -->
