<?xml version="1.0" encoding="UTF-8"?>
<!-- Generated by org.testng.reporters.JUnitReportReporter -->
<testsuite skipped="0" hostname="RSI1557" name="br.com.rsi.hub_tdd.steps.test.positivo.TestCadastroNovoUsuarioSucesso" tests="1" failures="0" timestamp="2020-01-21T13:20:54 BRT" time="17.138" errors="0">
  <testcase name="testCadastroNovoUsuarioSucesso" time="17.138" classname="br.com.rsi.hub_tdd.steps.test.positivo.TestCadastroNovoUsuarioSucesso"/>
</testsuite> <!-- br.com.rsi.hub_tdd.steps.test.positivo.TestCadastroNovoUsuarioSucesso -->
