<?xml version="1.0" encoding="UTF-8"?>
<!-- Generated by org.testng.reporters.JUnitReportReporter -->
<testsuite skipped="0" hostname="RSI1557" name="br.com.rsi.hub_tdd.steps.test.negativo.TestCadastroUsuarioJaCadastrado" tests="1" failures="0" timestamp="2020-01-21T13:15:52 BRT" time="18.056" errors="0">
  <testcase name="testCadastroUsuarioJaCadastrado" time="18.056" classname="br.com.rsi.hub_tdd.steps.test.negativo.TestCadastroUsuarioJaCadastrado"/>
</testsuite> <!-- br.com.rsi.hub_tdd.steps.test.negativo.TestCadastroUsuarioJaCadastrado -->
