<?xml version="1.0" encoding="UTF-8"?>
<!-- Generated by org.testng.reporters.JUnitReportReporter -->
<testsuite skipped="0" hostname="RSI1557" name="br.com.rsi.hub_tdd.steps.test.negativo.TestBuscaNaTelaProdutoNaoEncontrado" tests="1" failures="0" timestamp="2020-01-21T12:58:36 BRT" time="20.495" errors="0">
  <testcase name="testBuscaNaTelaProdutoNaoEncontrado" time="20.495" classname="br.com.rsi.hub_tdd.steps.test.negativo.TestBuscaNaTelaProdutoNaoEncontrado"/>
</testsuite> <!-- br.com.rsi.hub_tdd.steps.test.negativo.TestBuscaNaTelaProdutoNaoEncontrado -->
