<?xml version="1.0" encoding="UTF-8"?>
<!-- Generated by org.testng.reporters.JUnitReportReporter -->
<testsuite skipped="0" hostname="RSI1557" name="br.com.rsi.hub_tdd.steps.home_page.GeradorDeRelatorios" tests="1" failures="0" timestamp="2020-01-20T15:10:18 BRT" time="0.250" errors="0">
  <testcase name="relatorioCadastroComSucesso" time="0.250" classname="br.com.rsi.hub_tdd.steps.home_page.GeradorDeRelatorios"/>
</testsuite> <!-- br.com.rsi.hub_tdd.steps.home_page.GeradorDeRelatorios -->
