<?xml version="1.0" encoding="UTF-8"?>
<!-- Generated by org.testng.reporters.JUnitReportReporter -->
<testsuite skipped="0" hostname="RSI1557" name="br.com.rsi.hub_tdd.test.positivo.TestCadastroNovoUsuarioSucesso" tests="1" failures="0" timestamp="2020-01-28T23:34:08 BRT" time="20.827" errors="0">
  <testcase name="testCadastroNovoUsuarioSucesso" time="20.827" classname="br.com.rsi.hub_tdd.test.positivo.TestCadastroNovoUsuarioSucesso"/>
</testsuite> <!-- br.com.rsi.hub_tdd.test.positivo.TestCadastroNovoUsuarioSucesso -->
