<?xml version="1.0" encoding="UTF-8"?>
<!-- Generated by org.testng.reporters.JUnitReportReporter -->
<testsuite skipped="0" hostname="RSI1557" name="br.com.rsi.hub_tdd.test.negativo.TestCadastroUsuarioJaCadastrado" tests="1" failures="0" timestamp="2020-01-28T23:35:32 BRT" time="21.410" errors="0">
  <testcase name="testCadastroUsuarioJaCadastrado" time="21.410" classname="br.com.rsi.hub_tdd.test.negativo.TestCadastroUsuarioJaCadastrado"/>
</testsuite> <!-- br.com.rsi.hub_tdd.test.negativo.TestCadastroUsuarioJaCadastrado -->
